CRITICAL - 2022-12-15 09:55:31 --> required|min_length não é uma regra válida.
#0 /home/scieve/codeigniterportal/system/Validation/Validation.php(287): CodeIgniter\Validation\Exceptions\ValidationException::forRuleNotFound()
#1 /home/scieve/codeigniterportal/system/Validation/Validation.php(175): CodeIgniter\Validation\Validation->processRules()
#2 /home/scieve/codeigniterportal/system/Controller.php(220): CodeIgniter\Validation\Validation->run()
#3 /home/scieve/codeigniterportal/app/Controllers/Admin/Usuarios.php(31): CodeIgniter\Controller->validate()
#4 /home/scieve/codeigniterportal/system/CodeIgniter.php(910): App\Controllers\Admin\Usuarios->gravar()
#5 /home/scieve/codeigniterportal/system/CodeIgniter.php(398): CodeIgniter\CodeIgniter->runController()
#6 /home/scieve/codeigniterportal/system/CodeIgniter.php(306): CodeIgniter\CodeIgniter->handleRequest()
#7 /home/scieve/codeigniterportal/public/index.php(45): CodeIgniter\CodeIgniter->run()
#8 /home/scieve/codeigniterportal/system/Commands/Server/rewrite.php(34): require_once('/home/scieve/co...')
#9 {main}
CRITICAL - 2022-12-15 09:56:27 --> required|min_length não é uma regra válida.
#0 /home/scieve/codeigniterportal/system/Validation/Validation.php(287): CodeIgniter\Validation\Exceptions\ValidationException::forRuleNotFound()
#1 /home/scieve/codeigniterportal/system/Validation/Validation.php(175): CodeIgniter\Validation\Validation->processRules()
#2 /home/scieve/codeigniterportal/system/Controller.php(220): CodeIgniter\Validation\Validation->run()
#3 /home/scieve/codeigniterportal/app/Controllers/Admin/Usuarios.php(31): CodeIgniter\Controller->validate()
#4 /home/scieve/codeigniterportal/system/CodeIgniter.php(910): App\Controllers\Admin\Usuarios->gravar()
#5 /home/scieve/codeigniterportal/system/CodeIgniter.php(398): CodeIgniter\CodeIgniter->runController()
#6 /home/scieve/codeigniterportal/system/CodeIgniter.php(306): CodeIgniter\CodeIgniter->handleRequest()
#7 /home/scieve/codeigniterportal/public/index.php(45): CodeIgniter\CodeIgniter->run()
#8 /home/scieve/codeigniterportal/system/Commands/Server/rewrite.php(34): require_once('/home/scieve/co...')
#9 {main}
CRITICAL - 2022-12-15 09:58:22 --> required|min_length não é uma regra válida.
#0 /home/scieve/codeigniterportal/system/Validation/Validation.php(287): CodeIgniter\Validation\Exceptions\ValidationException::forRuleNotFound()
#1 /home/scieve/codeigniterportal/system/Validation/Validation.php(175): CodeIgniter\Validation\Validation->processRules()
#2 /home/scieve/codeigniterportal/system/Controller.php(220): CodeIgniter\Validation\Validation->run()
#3 /home/scieve/codeigniterportal/app/Controllers/Admin/Usuarios.php(31): CodeIgniter\Controller->validate()
#4 /home/scieve/codeigniterportal/system/CodeIgniter.php(910): App\Controllers\Admin\Usuarios->gravar()
#5 /home/scieve/codeigniterportal/system/CodeIgniter.php(398): CodeIgniter\CodeIgniter->runController()
#6 /home/scieve/codeigniterportal/system/CodeIgniter.php(306): CodeIgniter\CodeIgniter->handleRequest()
#7 /home/scieve/codeigniterportal/public/index.php(45): CodeIgniter\CodeIgniter->run()
#8 /home/scieve/codeigniterportal/system/Commands/Server/rewrite.php(34): require_once('/home/scieve/co...')
#9 {main}
CRITICAL - 2022-12-15 10:06:35 --> pg_connect(): Unable to connect to PostgreSQL server: received invalid response to SSL negotiation: J
#0 [internal function]: CodeIgniter\Debug\Exceptions->errorHandler()
#1 /home/scieve/codeigniterportal/system/Database/Postgre/Connection.php(98): pg_connect()
#2 /home/scieve/codeigniterportal/system/Database/BaseConnection.php(377): CodeIgniter\Database\Postgre\Connection->connect()
#3 /home/scieve/codeigniterportal/system/Database/BaseConnection.php(643): CodeIgniter\Database\BaseConnection->initialize()
#4 /home/scieve/codeigniterportal/system/Database/BaseBuilder.php(1819): CodeIgniter\Database\BaseConnection->query()
#5 /home/scieve/codeigniterportal/system/Validation/Rules.php(237): CodeIgniter\Database\BaseBuilder->get()
#6 /home/scieve/codeigniterportal/system/Validation/Validation.php(279): CodeIgniter\Validation\Rules->is_unique()
#7 /home/scieve/codeigniterportal/system/Validation/Validation.php(175): CodeIgniter\Validation\Validation->processRules()
#8 /home/scieve/codeigniterportal/system/Controller.php(220): CodeIgniter\Validation\Validation->run()
#9 /home/scieve/codeigniterportal/app/Controllers/Admin/Usuarios.php(31): CodeIgniter\Controller->validate()
#10 /home/scieve/codeigniterportal/system/CodeIgniter.php(910): App\Controllers\Admin\Usuarios->gravar()
#11 /home/scieve/codeigniterportal/system/CodeIgniter.php(398): CodeIgniter\CodeIgniter->runController()
#12 /home/scieve/codeigniterportal/system/CodeIgniter.php(306): CodeIgniter\CodeIgniter->handleRequest()
#13 /home/scieve/codeigniterportal/public/index.php(45): CodeIgniter\CodeIgniter->run()
#14 /home/scieve/codeigniterportal/system/Commands/Server/rewrite.php(34): require_once('/home/scieve/co...')
#15 {main}
CRITICAL - 2022-12-15 10:07:36 --> pg_connect(): Unable to connect to PostgreSQL server: received invalid response to SSL negotiation: J
#0 [internal function]: CodeIgniter\Debug\Exceptions->errorHandler()
#1 /home/scieve/codeigniterportal/system/Database/Postgre/Connection.php(98): pg_connect()
#2 /home/scieve/codeigniterportal/system/Database/BaseConnection.php(377): CodeIgniter\Database\Postgre\Connection->connect()
#3 /home/scieve/codeigniterportal/system/Database/BaseConnection.php(643): CodeIgniter\Database\BaseConnection->initialize()
#4 /home/scieve/codeigniterportal/system/Database/BaseBuilder.php(1819): CodeIgniter\Database\BaseConnection->query()
#5 /home/scieve/codeigniterportal/system/Validation/Rules.php(237): CodeIgniter\Database\BaseBuilder->get()
#6 /home/scieve/codeigniterportal/system/Validation/Validation.php(279): CodeIgniter\Validation\Rules->is_unique()
#7 /home/scieve/codeigniterportal/system/Validation/Validation.php(175): CodeIgniter\Validation\Validation->processRules()
#8 /home/scieve/codeigniterportal/system/Controller.php(220): CodeIgniter\Validation\Validation->run()
#9 /home/scieve/codeigniterportal/app/Controllers/Admin/Usuarios.php(31): CodeIgniter\Controller->validate()
#10 /home/scieve/codeigniterportal/system/CodeIgniter.php(910): App\Controllers\Admin\Usuarios->gravar()
#11 /home/scieve/codeigniterportal/system/CodeIgniter.php(398): CodeIgniter\CodeIgniter->runController()
#12 /home/scieve/codeigniterportal/system/CodeIgniter.php(306): CodeIgniter\CodeIgniter->handleRequest()
#13 /home/scieve/codeigniterportal/public/index.php(45): CodeIgniter\CodeIgniter->run()
#14 /home/scieve/codeigniterportal/system/Commands/Server/rewrite.php(34): require_once('/home/scieve/co...')
#15 {main}
CRITICAL - 2022-12-15 10:09:08 --> pg_connect(): Unable to connect to PostgreSQL server: received invalid response to SSL negotiation: J
#0 [internal function]: CodeIgniter\Debug\Exceptions->errorHandler()
#1 /home/scieve/codeigniterportal/system/Database/Postgre/Connection.php(98): pg_connect()
#2 /home/scieve/codeigniterportal/system/Database/BaseConnection.php(377): CodeIgniter\Database\Postgre\Connection->connect()
#3 /home/scieve/codeigniterportal/system/Database/BaseConnection.php(643): CodeIgniter\Database\BaseConnection->initialize()
#4 /home/scieve/codeigniterportal/system/Database/BaseBuilder.php(1819): CodeIgniter\Database\BaseConnection->query()
#5 /home/scieve/codeigniterportal/system/Validation/Rules.php(237): CodeIgniter\Database\BaseBuilder->get()
#6 /home/scieve/codeigniterportal/system/Validation/Validation.php(279): CodeIgniter\Validation\Rules->is_unique()
#7 /home/scieve/codeigniterportal/system/Validation/Validation.php(175): CodeIgniter\Validation\Validation->processRules()
#8 /home/scieve/codeigniterportal/system/Controller.php(220): CodeIgniter\Validation\Validation->run()
#9 /home/scieve/codeigniterportal/app/Controllers/Admin/Usuarios.php(31): CodeIgniter\Controller->validate()
#10 /home/scieve/codeigniterportal/system/CodeIgniter.php(910): App\Controllers\Admin\Usuarios->gravar()
#11 /home/scieve/codeigniterportal/system/CodeIgniter.php(398): CodeIgniter\CodeIgniter->runController()
#12 /home/scieve/codeigniterportal/system/CodeIgniter.php(306): CodeIgniter\CodeIgniter->handleRequest()
#13 /home/scieve/codeigniterportal/public/index.php(45): CodeIgniter\CodeIgniter->run()
#14 /home/scieve/codeigniterportal/system/Commands/Server/rewrite.php(34): require_once('/home/scieve/co...')
#15 {main}
CRITICAL - 2022-12-15 10:37:15 --> Undefined variable: usuarios
#0 /home/scieve/codeigniterportal/app/Views/backend/pages/usuarios.php(58): CodeIgniter\Debug\Exceptions->errorHandler()
#1 /home/scieve/codeigniterportal/system/View/View.php(236): include('/home/scieve/co...')
#2 /home/scieve/codeigniterportal/system/Common.php(1071): CodeIgniter\View\View->render()
#3 /home/scieve/codeigniterportal/app/Controllers/Admin/Usuarios.php(69): view()
#4 /home/scieve/codeigniterportal/system/CodeIgniter.php(910): App\Controllers\Admin\Usuarios->gravar()
#5 /home/scieve/codeigniterportal/system/CodeIgniter.php(398): CodeIgniter\CodeIgniter->runController()
#6 /home/scieve/codeigniterportal/system/CodeIgniter.php(306): CodeIgniter\CodeIgniter->handleRequest()
#7 /home/scieve/codeigniterportal/public/index.php(45): CodeIgniter\CodeIgniter->run()
#8 /home/scieve/codeigniterportal/system/Commands/Server/rewrite.php(34): require_once('/home/scieve/co...')
#9 {main}
CRITICAL - 2022-12-15 10:38:41 --> Undefined variable: usuarios
#0 /home/scieve/codeigniterportal/app/Views/backend/pages/usuarios.php(58): CodeIgniter\Debug\Exceptions->errorHandler()
#1 /home/scieve/codeigniterportal/system/View/View.php(236): include('/home/scieve/co...')
#2 /home/scieve/codeigniterportal/system/Common.php(1071): CodeIgniter\View\View->render()
#3 /home/scieve/codeigniterportal/app/Controllers/Admin/Usuarios.php(22): view()
#4 /home/scieve/codeigniterportal/system/CodeIgniter.php(910): App\Controllers\Admin\Usuarios->index()
#5 /home/scieve/codeigniterportal/system/CodeIgniter.php(398): CodeIgniter\CodeIgniter->runController()
#6 /home/scieve/codeigniterportal/system/CodeIgniter.php(306): CodeIgniter\CodeIgniter->handleRequest()
#7 /home/scieve/codeigniterportal/public/index.php(45): CodeIgniter\CodeIgniter->run()
#8 /home/scieve/codeigniterportal/system/Commands/Server/rewrite.php(34): require_once('/home/scieve/co...')
#9 {main}
CRITICAL - 2022-12-15 10:38:45 --> Undefined variable: usuarios
#0 /home/scieve/codeigniterportal/app/Views/backend/pages/usuarios.php(58): CodeIgniter\Debug\Exceptions->errorHandler()
#1 /home/scieve/codeigniterportal/system/View/View.php(236): include('/home/scieve/co...')
#2 /home/scieve/codeigniterportal/system/Common.php(1071): CodeIgniter\View\View->render()
#3 /home/scieve/codeigniterportal/app/Controllers/Admin/Usuarios.php(22): view()
#4 /home/scieve/codeigniterportal/system/CodeIgniter.php(910): App\Controllers\Admin\Usuarios->index()
#5 /home/scieve/codeigniterportal/system/CodeIgniter.php(398): CodeIgniter\CodeIgniter->runController()
#6 /home/scieve/codeigniterportal/system/CodeIgniter.php(306): CodeIgniter\CodeIgniter->handleRequest()
#7 /home/scieve/codeigniterportal/public/index.php(45): CodeIgniter\CodeIgniter->run()
#8 /home/scieve/codeigniterportal/system/Commands/Server/rewrite.php(34): require_once('/home/scieve/co...')
#9 {main}
CRITICAL - 2022-12-15 10:38:53 --> Undefined variable: usuarios
#0 /home/scieve/codeigniterportal/app/Views/backend/pages/usuarios.php(58): CodeIgniter\Debug\Exceptions->errorHandler()
#1 /home/scieve/codeigniterportal/system/View/View.php(236): include('/home/scieve/co...')
#2 /home/scieve/codeigniterportal/system/Common.php(1071): CodeIgniter\View\View->render()
#3 /home/scieve/codeigniterportal/app/Controllers/Admin/Usuarios.php(22): view()
#4 /home/scieve/codeigniterportal/system/CodeIgniter.php(910): App\Controllers\Admin\Usuarios->index()
#5 /home/scieve/codeigniterportal/system/CodeIgniter.php(398): CodeIgniter\CodeIgniter->runController()
#6 /home/scieve/codeigniterportal/system/CodeIgniter.php(306): CodeIgniter\CodeIgniter->handleRequest()
#7 /home/scieve/codeigniterportal/public/index.php(45): CodeIgniter\CodeIgniter->run()
#8 /home/scieve/codeigniterportal/system/Commands/Server/rewrite.php(34): require_once('/home/scieve/co...')
#9 {main}
CRITICAL - 2022-12-15 10:46:51 --> syntax error, unexpected '}'
#0 /home/scieve/codeigniterportal/system/Router/Router.php(192): CodeIgniter\Router\Router->autoRoute()
#1 /home/scieve/codeigniterportal/system/CodeIgniter.php(785): CodeIgniter\Router\Router->handle()
#2 /home/scieve/codeigniterportal/system/CodeIgniter.php(358): CodeIgniter\CodeIgniter->tryToRouteIt()
#3 /home/scieve/codeigniterportal/system/CodeIgniter.php(306): CodeIgniter\CodeIgniter->handleRequest()
#4 /home/scieve/codeigniterportal/public/index.php(45): CodeIgniter\CodeIgniter->run()
#5 /home/scieve/codeigniterportal/system/Commands/Server/rewrite.php(34): require_once('/home/scieve/co...')
#6 {main}
CRITICAL - 2022-12-15 10:47:11 --> syntax error, unexpected '{', expecting '('
#0 /home/scieve/codeigniterportal/system/Router/Router.php(192): CodeIgniter\Router\Router->autoRoute()
#1 /home/scieve/codeigniterportal/system/CodeIgniter.php(785): CodeIgniter\Router\Router->handle()
#2 /home/scieve/codeigniterportal/system/CodeIgniter.php(358): CodeIgniter\CodeIgniter->tryToRouteIt()
#3 /home/scieve/codeigniterportal/system/CodeIgniter.php(306): CodeIgniter\CodeIgniter->handleRequest()
#4 /home/scieve/codeigniterportal/public/index.php(45): CodeIgniter\CodeIgniter->run()
#5 /home/scieve/codeigniterportal/system/Commands/Server/rewrite.php(34): require_once('/home/scieve/co...')
#6 {main}
